SUCCESS -> https://raw.githubusercontent.com/BagoesJoko/modskindev2/main/manifest.json
SUCCESS -> https://raw.githubusercontent.com/BagoesJoko/modskindev2/main/Hat1.dff
SUCCESS -> https://raw.githubusercontent.com/BagoesJoko/modskindev2/main/Hat2.dff
SUCCESS -> https://raw.githubusercontent.com/BagoesJoko/modskindev2/main/Hat4.dff
SUCCESS -> https://raw.githubusercontent.com/BagoesJoko/modskindev2/main/Hat5.dff
SUCCESS -> https://raw.githubusercontent.com/BagoesJoko/modskindev2/main/manifest.json
SUCCESS -> https://raw.githubusercontent.com/BagoesJoko/modskindev2/main/Hat1.dff
SUCCESS -> https://raw.githubusercontent.com/BagoesJoko/modskindev2/main/Hat2.dff
SUCCESS -> https://raw.githubusercontent.com/BagoesJoko/modskindev2/main/Hat4.dff
SUCCESS -> https://raw.githubusercontent.com/BagoesJoko/modskindev2/main/Hat4.dff
SUCCESS -> https://raw.githubusercontent.com/BagoesJoko/modskindev2/main/Hat5.dff
SUCCESS -> https://raw.githubusercontent.com/BagoesJoko/modskindev2/main/manifest.json
SUCCESS -> https://raw.githubusercontent.com/BagoesJoko/modskindev2/main/Hat1.dff
SUCCESS -> https://raw.githubusercontent.com/BagoesJoko/modskindev2/main/Hat2.dff
SUCCESS -> https://raw.githubusercontent.com/BagoesJoko/modskindev2/main/Hat4.dff
SUCCESS -> https://raw.githubusercontent.com/BagoesJoko/modskindev2/main/Hat5.dff
SUCCESS -> https://raw.githubusercontent.com/BagoesJoko/modskindev/main/manifest.json
SUCCESS -> https://raw.githubusercontent.com/BagoesJoko/modskindev/main/male01.txd
SUCCESS -> https://raw.githubusercontent.com/BagoesJoko/modskindev/main/male01.dff
SUCCESS -> https://raw.githubusercontent.com/BagoesJoko/modskindev/main/Hat1.dff
SUCCESS -> https://raw.githubusercontent.com/BagoesJoko/modskindev/main/Hat1.dff
SUCCESS -> https://raw.githubusercontent.com/BagoesJoko/modskindev/main/Hat3.dff
SUCCESS -> https://raw.githubusercontent.com/BagoesJoko/modskindev/main/Hat4.dff
SUCCESS -> https://raw.githubusercontent.com/BagoesJoko/modskindev/main/Hat5.dff
SUCCESS -> https://raw.githubusercontent.com/BagoesJoko/modskindev/main/Hat6.dff
SUCCESS -> https://raw.githubusercontent.com/BagoesJoko/modskindev/main/Hat7.dff
SUCCESS -> https://raw.githubusercontent.com/BagoesJoko/modskindev/main/Hat8.dff
SUCCESS -> https://raw.githubusercontent.com/BagoesJoko/modskindev/main/Hat9.dff
SUCCESS -> https://raw.githubusercontent.com/BagoesJoko/modskindev/main/capback.dff
SUCCESS -> https://raw.githubusercontent.com/BagoesJoko/modskindev/main/manifest.json
SUCCESS -> https://raw.githubusercontent.com/BagoesJoko/modskindev/main/male01.txd
SUCCESS -> https://raw.githubusercontent.com/BagoesJoko/modskindev/main/male01.dff
SUCCESS -> https://raw.githubusercontent.com/BagoesJoko/modskindev/main/Hat1.dff
SUCCESS -> https://raw.githubusercontent.com/BagoesJoko/modskindev/main/Hat1.dff
SUCCESS -> https://raw.githubusercontent.com/BagoesJoko/modskindev/main/Hat3.dff
SUCCESS -> https://raw.githubusercontent.com/BagoesJoko/modskindev/main/Hat4.dff
SUCCESS -> https://raw.githubusercontent.com/BagoesJoko/modskindev/main/Hat5.dff
SUCCESS -> https://raw.githubusercontent.com/BagoesJoko/modskindev/main/Hat6.dff
SUCCESS -> https://raw.githubusercontent.com/BagoesJoko/modskindev/main/Hat7.dff
SUCCESS -> https://raw.githubusercontent.com/BagoesJoko/modskindev/main/Hat8.dff
SUCCESS -> https://raw.githubusercontent.com/BagoesJoko/modskindev/main/Hat9.dff
SUCCESS -> https://raw.githubusercontent.com/BagoesJoko/modskindev/main/capback.dff
